Build started 07/09/2017 17:36:37.
     1>Project "D:\_Project_Repos\Random_Terrain_Generation\Terrain_Generation\Terrain_Generation\Terrain_Generation.vcxproj" on node 2 (Build target(s)).
     1>ClCompile:
         D:\Visual Studio\VC\bin\CL.exe /c /I"D:\Desktop Hub\Final Year\Advanced Graphics Programming\Coursework2\Procedural_Generation_Redo\Terrain_Generation\Terrain_Generation\glew-1.10.0\include" /I"D:\Desktop Hub\Final Year\Advanced Graphics Programming\Coursework2\Procedural_Generation_Redo\Terrain_Generation\Terrain_Generation\freeglut-MSVC-2.8.1-1.mp\include" /I"D:\Desktop Hub\Final Year\Advanced Graphics Programming\Coursework2\Procedural_Generation_Redo\Terrain_Generation\Terrain_Generation\glm-0.9.6.3" /ZI /nologo /W3 /WX- /Od /Oy- /D _CRT_SECURE_NO_WARNINGS /D WIN32 /D _DEBUG /D _CONSOLE /D _LIB /D _UNICODE /D UNICODE /Gm /EHsc /RTC1 /MDd /GS /fp:precise /Zc:wchar_t /Zc:forScope /Fo"Debug\\" /Fd"Debug\vc120.pdb" /Gd /TP /analyze- /errorReport:prompt Terrain_Generation.cpp
         Terrain_Generation.cpp
     1>d:\_project_repos\random_terrain_generation\terrain_generation\terrain_generation\terrain_generation.cpp(144): warning C4305: 'initializing' : truncation from 'double' to 'float'
     1>d:\_project_repos\random_terrain_generation\terrain_generation\terrain_generation\terrain_generation.cpp(241): warning C4244: 'argument' : conversion from 'time_t' to 'unsigned int', possible loss of data
     1>d:\_project_repos\random_terrain_generation\terrain_generation\terrain_generation\terrain_generation.cpp(242): warning C4244: '=' : conversion from 'int' to 'float', possible loss of data
     1>d:\_project_repos\random_terrain_generation\terrain_generation\terrain_generation\terrain_generation.cpp(243): warning C4244: '=' : conversion from 'int' to 'float', possible loss of data
     1>d:\_project_repos\random_terrain_generation\terrain_generation\terrain_generation\terrain_generation.cpp(244): warning C4244: '=' : conversion from 'int' to 'float', possible loss of data
     1>d:\_project_repos\random_terrain_generation\terrain_generation\terrain_generation\terrain_generation.cpp(245): warning C4244: '=' : conversion from 'int' to 'float', possible loss of data
     1>d:\_project_repos\random_terrain_generation\terrain_generation\terrain_generation\terrain_generation.cpp(263): warning C4244: '=' : conversion from 'double' to 'float', possible loss of data
     1>d:\_project_repos\random_terrain_generation\terrain_generation\terrain_generation\terrain_generation.cpp(289): warning C4244: '=' : conversion from 'int' to 'float', possible loss of data
     1>d:\_project_repos\random_terrain_generation\terrain_generation\terrain_generation\terrain_generation.cpp(290): warning C4244: '=' : conversion from 'int' to 'float', possible loss of data
     1>d:\_project_repos\random_terrain_generation\terrain_generation\terrain_generation\terrain_generation.cpp(294): warning C4244: '=' : conversion from 'int' to 'float', possible loss of data
     1>d:\_project_repos\random_terrain_generation\terrain_generation\terrain_generation\terrain_generation.cpp(295): warning C4244: '=' : conversion from 'int' to 'float', possible loss of data
     1>d:\_project_repos\random_terrain_generation\terrain_generation\terrain_generation\terrain_generation.cpp(299): warning C4244: '=' : conversion from 'int' to 'float', possible loss of data
     1>d:\_project_repos\random_terrain_generation\terrain_generation\terrain_generation\terrain_generation.cpp(300): warning C4244: '=' : conversion from 'int' to 'float', possible loss of data
     1>d:\_project_repos\random_terrain_generation\terrain_generation\terrain_generation\terrain_generation.cpp(313): warning C4244: '=' : conversion from 'int' to 'float', possible loss of data
     1>d:\_project_repos\random_terrain_generation\terrain_generation\terrain_generation\terrain_generation.cpp(314): warning C4244: '=' : conversion from 'int' to 'float', possible loss of data
     1>d:\_project_repos\random_terrain_generation\terrain_generation\terrain_generation\terrain_generation.cpp(318): warning C4244: '=' : conversion from 'int' to 'float', possible loss of data
     1>d:\_project_repos\random_terrain_generation\terrain_generation\terrain_generation\terrain_generation.cpp(319): warning C4244: '=' : conversion from 'int' to 'float', possible loss of data
     1>d:\_project_repos\random_terrain_generation\terrain_generation\terrain_generation\terrain_generation.cpp(323): warning C4244: '=' : conversion from 'int' to 'float', possible loss of data
     1>d:\_project_repos\random_terrain_generation\terrain_generation\terrain_generation\terrain_generation.cpp(324): warning C4244: '=' : conversion from 'int' to 'float', possible loss of data
     1>d:\_project_repos\random_terrain_generation\terrain_generation\terrain_generation\terrain_generation.cpp(479): warning C4244: 'argument' : conversion from 'unsigned int' to 'const float', possible loss of data
       Link:
         D:\Visual Studio\VC\bin\link.exe /ERRORREPORT:PROMPT /OUT:"D:\_Project_Repos\Random_Terrain_Generation\Terrain_Generation\Debug\Terrain_Generation.exe" /INCREMENTAL /NOLOGO /LIBPATH:"D:\Desktop Hub\Final Year\Advanced Graphics Programming\Coursework2\Procedural_Generation_Redo\Terrain_Generation\Terrain_Generation\glew-1.10.0\lib\Release\Win32" /LIBPATH:"D:\Desktop Hub\Final Year\Advanced Graphics Programming\Coursework2\Procedural_Generation_Redo\Terrain_Generation\Terrain_Generation\freeglut-MSVC-2.8.1-1.mp\lib" /LIBPATH:"D:\Desktop Hub\Final Year\Advanced Graphics Programming\Coursework2\Procedural_Generation_Redo\Terrain_Generation\Terrain_Generation\glew-1.10.0\lib" kernel32.lib user32.lib gdi32.lib winspool.lib comdlg32.lib advapi32.lib shell32.lib ole32.lib oleaut32.lib uuid.lib odbc32.lib odbccp32.lib /MANIFEST /MANIFESTUAC:"level='asInvoker' uiAccess='false'" /manifest:embed /DEBUG /PDB:"D:\_Project_Repos\Random_Terrain_Generation\Terrain_Generation\Debug\Terrain_Generation.pdb" /SUBSYSTEM:CONSOLE /TLBID:1 /DYNAMICBASE /NXCOMPAT /IMPLIB:"D:\_Project_Repos\Random_Terrain_Generation\Terrain_Generation\Debug\Terrain_Generation.lib" /MACHINE:X86 Debug\Terrain_Generation.obj
     1>LINK : fatal error LNK1104: cannot open file 'freeglut.lib'
     1>Done Building Project "D:\_Project_Repos\Random_Terrain_Generation\Terrain_Generation\Terrain_Generation\Terrain_Generation.vcxproj" (Build target(s)) -- FAILED.

Build FAILED.

Time Elapsed 00:00:01.31
